<?xml version="1.0" encoding="UTF-8"?>
<testng-results skipped="0" failed="0" ignored="0" total="2" passed="2">
  <reporter-output>
  </reporter-output>
  <suite name="Default suite" duration-ms="5467" started-at="2018-03-21T08:01:35Z" finished-at="2018-03-21T08:01:41Z">
    <groups>
    </groups>
    <test name="Default test" duration-ms="5467" started-at="2018-03-21T08:01:35Z" finished-at="2018-03-21T08:01:41Z">
      <class name="com.chiselon.colourclassifieds.uiTest.ColourClassifiedsTest">
        <test-method status="PASS" signature="colourClassifiedsRegistration()[pri:1, instance:com.chiselon.colourclassifieds.uiTest.ColourClassifiedsTest@4bb45b]" name="colourClassifiedsRegistration" duration-ms="4354" started-at="2018-03-21T13:31:35Z" finished-at="2018-03-21T13:31:40Z">
          <reporter-output>
          </reporter-output>
        </test-method> <!-- colourClassifiedsRegistration -->
        <test-method status="PASS" signature="latestadssize()[pri:2, instance:com.chiselon.colourclassifieds.uiTest.ColourClassifiedsTest@4bb45b]" name="latestadssize" duration-ms="1083" started-at="2018-03-21T13:31:40Z" finished-at="2018-03-21T13:31:41Z">
          <reporter-output>
          </reporter-output>
        </test-method> <!-- latestadssize -->
      </class> <!-- com.chiselon.colourclassifieds.uiTest.ColourClassifiedsTest -->
    </test> <!-- Default test -->
  </suite> <!-- Default suite -->
</testng-results>
